commit 0c57142b9674cf93a97506161af9f3b08c8d3497
Merge: 245f3fd 471f298
Author: Ryan Mullowney <rwmullowney@utexas.edu>
Date:   Thu Mar 28 02:20:05 2024 +0000

    Merge branch 'react-implementation' into 'main'
    
    Convert website to React
    
    See merge request magretadekunle/cs331e-idb!28

commit 471f298720169c1e58ec3c3abe5d3629457abc0d
Author: Ryan W Mullowney <rmullowney@austin.utexas.edu>
Date:   Wed Mar 27 21:18:32 2024 -0500

    remove cache file

commit 62a4ad914746d2f4347e2f98a3f23be2a5ff7274
Author: Ryan W Mullowney <rmullowney@austin.utexas.edu>
Date:   Wed Mar 27 21:17:34 2024 -0500

    Merge with main

commit fda6c58df91dff16f7209eb7e87a0b9704d55555
Merge: 4a85b4d 245f3fd
Author: Ryan W Mullowney <rmullowney@austin.utexas.edu>
Date:   Wed Mar 27 21:17:22 2024 -0500

    Merge branch 'main' into react-implementation

commit 4a85b4d8f3444e13a5c965bdc472ddaf344e1648
Author: Ryan W Mullowney <rmullowney@austin.utexas.edu>
Date:   Wed Mar 27 21:12:42 2024 -0500

    remove previous app.yaml for frontend

commit 3e2dfad93a3be54079cd5120b225ad1e3861051f
Author: Ryan W Mullowney <rmullowney@austin.utexas.edu>
Date:   Wed Mar 27 21:07:17 2024 -0500

    Fix display of unit tests on About page

commit 9828688427f3b5387a9d04a2b007a5db01d1ed8f
Author: Ryan W Mullowney <rmullowney@austin.utexas.edu>
Date:   Wed Mar 27 21:03:57 2024 -0500

    Update frontend yaml name.
    Update Gitlab stats.

commit 7f1667a4b6feef53d53b44f2bf38b1852ddae194
Author: Ryan W Mullowney <rmullowney@austin.utexas.edu>
Date:   Wed Mar 27 20:49:46 2024 -0500

    Move Albums above Genres on sidebar

commit 0c3d47ffd7a30a061d2e73b58e358eebe19df58d
Author: Ryan W Mullowney <rmullowney@austin.utexas.edu>
Date:   Wed Mar 27 20:48:27 2024 -0500

    Break genre data out into its own file.
    
    Add more connections between existing genres and newly added artists/albums

commit 8b25bb14b9518024e8399ec951e34f2d4bd0c2f9
Author: Ryan W Mullowney <rmullowney@austin.utexas.edu>
Date:   Wed Mar 27 20:36:15 2024 -0500

    Use separate artist/album data files with displayAlbum/Artist components instead of their own, smaller arrays

commit 9302aba429fa4dbb08aeb245f4e555121fe7eccb
Author: Ryan W Mullowney <rmullowney@austin.utexas.edu>
Date:   Wed Mar 27 20:30:59 2024 -0500

    Fix bug where "next page" button wouldn't work if on base artist/album page.
    
    Prettify albumsData.js

commit 529c53483d9b923639a1338802473bad368596a6
Author: Ryan W Mullowney <rmullowney@austin.utexas.edu>
Date:   Wed Mar 27 20:23:25 2024 -0500

    Add functioning pagination

commit 61a714e1738fde9237f727ea04d6953537522feb
Author: Ryan W Mullowney <rmullowney@austin.utexas.edu>
Date:   Wed Mar 27 19:14:25 2024 -0500

    Add children urls to Artists and Albums for Pagination.
    
    Add basic pagination to Albums/Artists based on page number.
    
    Create (unfinished) Pagination Component.

commit d4a9d601d8de37d766ea844cb8db52402aab90ef
Author: Ryan W Mullowney <rmullowney@austin.utexas.edu>
Date:   Wed Mar 27 19:00:18 2024 -0500

    Break artist and album data into separate files.  Add 5 more records of each for pagination.

commit 245f3fd2be0a6b0c89585cead3ef6d6d5b78b711
Merge: 1f3b590 082de08
Author: George Mathew <georgegmathew12@gmail.com>
Date:   Wed Mar 27 23:16:29 2024 +0000

    Merge branch 'George' into 'main'
    
    Merge updated branch with main
    
    See merge request magretadekunle/cs331e-idb!27

commit 5cf9cc008a62a395ca45b33dd78756aa86cefe15
Author: Ryan W Mullowney <rmullowney@austin.utexas.edu>
Date:   Wed Mar 27 18:12:31 2024 -0500

    Add images to Albums page.  Update classname on Albums and Artists to use correct class.

commit dffeb75067345096b2cc47dc042c04d9863ffac4
Author: Ryan W Mullowney <rmullowney@austin.utexas.edu>
Date:   Wed Mar 27 18:08:12 2024 -0500

    Add app.yaml for React deployment to GCP

commit 082de08ed4012ddf61967332e8b99925d81502c6
Author: George Mathew <georgegmathew12@gmail.com>
Date:   Wed Mar 27 18:07:28 2024 -0500

    Checking everything works

commit 4c12e01a89c004106969209424fc8f1e6fa94105
Author: George Mathew <georgegmathew12@gmail.com>
Date:   Wed Mar 27 18:06:27 2024 -0500

    Checking everything works

commit c7b8805d039e5dbabea48d5e9021db01b13a8c75
Author: Ryan W Mullowney <rmullowney@austin.utexas.edu>
Date:   Wed Mar 27 18:04:51 2024 -0500

    Add artist images to DisplayArtist components

commit feff4dd6d7f528bdbeb0bfbcb08f26cdd2020a17
Author: Ryan W Mullowney <rmullowney@austin.utexas.edu>
Date:   Wed Mar 27 18:01:48 2024 -0500

    Correct spacing on About Us page

commit 41a7fcd5b09934bbc25ec0cf19d6a7ef6c580189
Author: Ryan W Mullowney <rmullowney@austin.utexas.edu>
Date:   Wed Mar 27 17:57:21 2024 -0500

    Make MusicRecommendations a link to homepage.  Add images to Albums, Artists, and DisplayAlbum components

commit 7298fbf84040d56d4cadbca928bcc8775ccccef3
Author: George Mathew <georgegmathew12@gmail.com>
Date:   Wed Mar 27 17:56:24 2024 -0500

    Cleaning up create_artits.py

commit ddbfe4e1b0073454833e2fdbe4fce46259b038f8
Author: George Mathew <georgegmathew12@gmail.com>
Date:   Wed Mar 27 17:53:22 2024 -0500

    Fixed tests.py

commit 839dbffd9700230849be3e2c27507255538301cc
Author: George Mathew <georgegmathew12@gmail.com>
Date:   Wed Mar 27 17:50:12 2024 -0500

    Fixed test_update_genre() in tests.py

commit 9e351faaa4a16768109a1a0e122eab4bc0f834ca
Author: George Mathew <georgegmathew12@gmail.com>
Date:   Wed Mar 27 17:32:49 2024 -0500

    Created test cases

commit 678455449a47692b2f14e5281999f03821e6aedd
Author: George Mathew <georgegmathew12@gmail.com>
Date:   Wed Mar 27 12:08:45 2024 -0500

    Small fixes

commit a892ff873f3ba2b89d248877862febde3f13dde6
Author: George Mathew <georgegmathew12@gmail.com>
Date:   Wed Mar 27 11:44:34 2024 -0500

    Fixed models.py

commit fbe0bd03b06395b2ea6a733a7dc8ba204f8ff0c4
Author: George Mathew <georgegmathew12@gmail.com>
Date:   Wed Mar 27 11:42:52 2024 -0500

    Adjusting db_populate and creation files

commit 63e510e8945cffc9bf136eea271094ad761dd275
Author: George Mathew <georgegmathew12@gmail.com>
Date:   Wed Mar 27 09:46:47 2024 -0500

    Added popularity instance for genre + basic unit tests

commit 111dfe79791d9914e2374ad87a784d33d2d8485c
Author: George Mathew <georgegmathew12@gmail.com>
Date:   Tue Mar 26 23:36:53 2024 -0500

    Cleaned up files

commit 7124be71d3ba79af9338f24506597d73f118f9ae
Author: George Mathew <georgegmathew12@gmail.com>
Date:   Tue Mar 26 23:09:10 2024 -0500

    Added albums instance for genre model

commit fabd0b26cd9c35fc18efdf387f674e25b39d3726
Author: Ryan W Mullowney <rmullowney@austin.utexas.edu>
Date:   Tue Mar 26 21:18:24 2024 -0500

    Create artist and album card components, and create basic homepage display

commit a7638d46d24180f1291cf0359862a991b8aadd1f
Author: Ryan W Mullowney <rmullowney@austin.utexas.edu>
Date:   Tue Mar 26 20:09:53 2024 -0500

    Convert showAllGenres and showGenre templates to React

commit f5c2ffabf8151c2c23af546d973e3b6c36295725
Author: Ryan W Mullowney <rmullowney@austin.utexas.edu>
Date:   Tue Mar 26 19:08:34 2024 -0500

    Convert showArtist template to React
    
    Add conditional logic to avoid errors for displayArtist & displayAlbum
    
    Prettify several components

commit 3a9569ee219e2c74f15c9e0c455e3e174871d6e9
Author: Ryan W Mullowney <rmullowney@austin.utexas.edu>
Date:   Tue Mar 26 18:42:23 2024 -0500

    Convert showAlbum template to React

commit e9caa10dc2c408dc59f3b37d927aa4409f504f34
Author: Ryan W Mullowney <rmullowney@austin.utexas.edu>
Date:   Tue Mar 26 18:11:27 2024 -0500

    Convert About template to React

commit e4c05cd984183513281ab873dc71045ebd29fb09
Author: Ryan W Mullowney <rmullowney@austin.utexas.edu>
Date:   Tue Mar 26 17:35:51 2024 -0500

    Properly implement react routing.  Create skeleton components for remaining pages.

commit 4dfd8a70b289736c7f32b92303fb44a9e672a5fb
Author: Ryan W Mullowney <rmullowney@austin.utexas.edu>
Date:   Tue Mar 26 12:46:35 2024 -0500

    Update "class" to "className".  Properly import CSS to React site.  Create first successful test API call to backend.

commit 898815a44fd204c709d0a260f0df0a699dc807c5
Author: George Mathew <georgegmathew12@gmail.com>
Date:   Mon Mar 25 21:43:16 2024 -0500

    Fixed small things

commit ada472cb33be74c3b24c085f125af5bd2ee1097f
Author: George Mathew <georgegmathew12@gmail.com>
Date:   Mon Mar 25 21:42:13 2024 -0500

    Fixed create_genre.py and models.py

commit fe2590b6a99046cfad153c75343ddbb68a0c0438
Author: George Mathew <georgegmathew12@gmail.com>
Date:   Mon Mar 25 21:17:23 2024 -0500

    Fixed data extraction with spotipy

commit e3e9a937ab984f08dac3c75ae97e549499e2ca89
Author: George Mathew <georgegmathew12@gmail.com>
Date:   Mon Mar 25 20:38:17 2024 -0500

    Extracted data using API calls into JSON files

commit c89088b0cdf804d859fc1d1afa00626a9cf752a8
Author: Ryan W Mullowney <rmullowney@austin.utexas.edu>
Date:   Mon Mar 25 19:35:10 2024 -0500

    Create reusable components for albums/artists
    
    Add pathing for said components

commit 596cbb3a8ea96f8ea609adc1f06aef5a5892d815
Author: Ryan W Mullowney <rmullowney@austin.utexas.edu>
Date:   Sun Mar 24 15:32:52 2024 -0500

    Add React Router.  Add bootstrap javascript to React.  Create Home component.

commit 1a5f469e72d6421fb9a783e1a4eae648c0812f9d
Author: Ryan W Mullowney <rmullowney@austin.utexas.edu>
Date:   Sun Mar 24 13:41:08 2024 -0500

    Convert Header & Sidebar to components
    
    Some directory restructuring by renaming "static" folder to "assets" and moving it into the frontend/src folder

commit 301834a6dad34f1d784762d2ce6cafffa04a5b0b
Author: Ryan W Mullowney <rmullowney@austin.utexas.edu>
Date:   Sun Mar 24 13:04:40 2024 -0500

    Initial react setup/installation

commit 1f3b590dde1372ad7c3be7a19c6d77382dbb8313
Merge: b1db586 0c361db
Author: Magret Adekunle <magretadekunle@gmail.com>
Date:   Sat Mar 23 16:20:30 2024 +0000

    Merge branch 'MagretsBranch' into 'main'
    
    Updated Variables
    
    See merge request magretadekunle/cs331e-idb!26

commit 0c361db3ce42b42c34c5d6cc587bf894df0c27bc
Author: Magret <magretadekunle@gmail.com>
Date:   Sat Mar 23 11:17:24 2024 -0500

    Updated Variables

commit b1db58642c0afec20484c9cd0fc29dc52325f2b9
Merge: 2cb8d7a 7278606
Author: Magret Adekunle <magretadekunle@gmail.com>
Date:   Thu Mar 21 01:31:01 2024 +0000

    Merge branch 'MagretsBranch' into 'main'
    
    Updated Models.py pages and main.py
    
    See merge request magretadekunle/cs331e-idb!25

commit 7278606b807f7b1934f009b0d3db37dc64763535
Author: Magret <magretadekunle@gmail.com>
Date:   Wed Mar 20 20:29:30 2024 -0500

    Updated Mdoels pages and main.py

commit 2cb8d7a6207c7ca0931e0abd16b7166e63a72cc2
Merge: 1c645d3 f5a98e7
Author: Magret Adekunle <magretadekunle@gmail.com>
Date:   Wed Mar 20 20:17:22 2024 +0000

    Merge branch 'MagretsBranch' into 'main'
    
    Correction of the overall stucture of of WebApp (html files and how they link with ecah other)
    
    See merge request magretadekunle/cs331e-idb!24

commit f5a98e797ccfa867f099f76f27276e9e2720fa21
Author: Magret <magretadekunle@gmail.com>
Date:   Wed Mar 20 15:11:18 2024 -0500

    Correction of the overall stucture of of WebApp (html files and how they link with ecah other)

commit 1c645d3420590d3931f64e99571dedc1f0994a48
Author: Magret Adekunle <magretadekunle@gmail.com>
Date:   Mon Mar 18 22:01:49 2024 +0000

    Update file models.py

commit ac9cd8d46d90a355dc5076da3dac95be4f74d5e8
Merge: dbefb12 5af6d41
Author: Magret Adekunle <magretadekunle@gmail.com>
Date:   Mon Mar 18 21:35:54 2024 +0000

    Merge branch 'MagretsBranch' into 'main'
    
    Magrets branch
    
    See merge request magretadekunle/cs331e-idb!23

commit 5af6d41fa032c23b2174ba2fbb1b1d18a8e626e6
Merge: 3ca09fd dbefb12
Author: Magret Adekunle <magretadekunle@gmail.com>
Date:   Mon Mar 18 21:34:54 2024 +0000

    Merge branch 'main' into 'MagretsBranch'
    
    # Conflicts:
    #   .gitlab-ci.yml
    #   tests.py

commit 3ca09fdbe8518dc2d8f5acc316f8f355f916a707
Author: Magret Adekunle <magretadekunle@gmail.com>
Date:   Mon Mar 18 21:29:03 2024 +0000

    Update .gitlab-ci.yml file

commit 8f77489c1bb02dbf8aa4dbe86065651aadfc3b8d
Author: Magret Adekunle <magretadekunle@gmail.com>
Date:   Mon Mar 18 21:27:34 2024 +0000

    Update file tests.py

commit 097809efd077aa89958f5eee6110826a6c292146
Author: Magret <magretadekunle@gmail.com>
Date:   Mon Mar 18 16:25:46 2024 -0500

    Fix errors to ci/cd pipeline

commit dbefb1288242084a8db0cd6a858e85ec16d047ad
Author: Magret Adekunle <magretadekunle@gmail.com>
Date:   Mon Mar 18 21:23:50 2024 +0000

    Update file tests.py

commit 21c696e8fea1c7e5e3e3e1be47c64cb3d1aa37fb
Author: Magret Adekunle <magretadekunle@gmail.com>
Date:   Mon Mar 18 21:22:06 2024 +0000

    Update .gitlab-ci.yml

commit ed187e7e95d55ae533792751739c8998107846cf
Author: Magret <magretadekunle@gmail.com>
Date:   Mon Mar 18 16:19:45 2024 -0500

    correct .gitlab-ci.yml file

commit c7bc848718214991a431785fec95b7142a2190ed
Author: Magret <magretadekunle@gmail.com>
Date:   Mon Mar 18 16:15:23 2024 -0500

    correct .gitlab-ci.yml file

commit 862f5a503b2f3d90e709b2987e85f9d7a871fdec
Author: Magret <magretadekunle@gmail.com>
Date:   Mon Mar 18 16:12:42 2024 -0500

    Updating test.py (dummy page)

commit 895cac7e983925e3cb88a05ca9acedf5e1b02a68
Author: Magret Adekunle <magretadekunle@gmail.com>
Date:   Mon Mar 18 21:09:24 2024 +0000

    Update .gitlab-ci.yml file

commit 25264765a40dd8ac2f8d99a844ec50d9ec25cafb
Author: Magret <magretadekunle@gmail.com>
Date:   Mon Mar 18 15:53:50 2024 -0500

    Update to the basic of the database.
